<?xml version="1.0" encoding="UTF-8"?>
<!-- Generated by org.testng.reporters.JUnitReportReporter -->
<testsuite skipped="0" hostname="DESKTOP-5GVJDVR" name="com.qa.tests.PostAPITest" tests="1" failures="0" timestamp="०५ मई २०१८ १४:३४:५७ GMT" time="२.४२९" errors="0">
  <testcase name="postAPITest" time="२.४२९" classname="com.qa.tests.PostAPITest"/>
</testsuite> <!-- com.qa.tests.PostAPITest -->
